<?xml version="1.0" encoding="UTF-8"?>
<!-- Generated by org.testng.reporters.JUnitReportReporter -->
<testsuite skipped="0" hostname="DIGTBGL-L1756" name="dev.alpha.dashboard.naberly.AutomationTestScript" tests="1" failures="0" timestamp="31 Mar 2020 07:12:20 GMT" time="19.811" errors="0">
  <testcase name="testcase_001" time="19.811" classname="dev.alpha.dashboard.naberly.AutomationTestScript"/>
</testsuite> <!-- dev.alpha.dashboard.naberly.AutomationTestScript -->
